<?xml version="1.0" encoding="UTF-8"?>
<!-- Generated by org.testng.reporters.JUnitXMLReporter -->
<testsuite hostname="DESKTOP-3V0FALU" ignored="0" name="Test" tests="9" failures="0" timestamp="2020-08-29T02:34:10 IST" time="142.894" errors="0">
  <testcase name="testCase2" time="7.58" classname="CRMActivities.TestCase2"/>
  <testcase name="testCase1" time="7.663" classname="CRMActivities.TestCase1"/>
  <testcase name="testCase3" time="7.701" classname="CRMActivities.TestCase3"/>
  <testcase name="testCase5" time="16.09" classname="CRMActivities.TestCase5"/>
  <testcase name="testCase4" time="21.281" classname="CRMActivities.TestCase4"/>
  <testcase name="testCase6" time="23.992" classname="CRMActivities.TestCase6"/>
  <testcase name="testCase8" time="30.357" classname="CRMActivities.TestCase8"/>
  <testcase name="testCase7" time="35.339" classname="CRMActivities.TestCase7"/>
  <testcase name="testCase9" time="27.591" classname="CRMActivities.TestCase9"/>
</testsuite> <!-- Test -->
